<?xml version="1.0" encoding="UTF-8"?>
<!-- Generated by org.testng.reporters.JUnitReportReporter -->
<testsuite skipped="0" hostname="LAPTOP-T7RJ4J9F" name="Academy.title" tests="1" failures="0" timestamp="25 Jan 2021 10:47:35 GMT" time="17.233" errors="0">
  <testcase name="getTitle" time="17.233" classname="Academy.title"/>
</testsuite> <!-- Academy.title -->
